The system is: Linux - 3.10.0-327.el7.x86_64 - x86_64
Compiling the C compiler identification source file "CMakeCCompilerId.c" succeeded.
Compiler: /usr/bin/cc 
Build flags: 
Id flags: 

The output was:
0


Compilation of the C compiler identification source "CMakeCCompilerId.c" produced "a.out"

The C compiler identification is GNU, found in "/homes/sep/bob/Src/genericIO/x/CMakeFiles/2.8.11/CompilerIdC/a.out"

Compiling the CXX compiler identification source file "CMakeCXXCompilerId.cpp" succeeded.
Compiler: /usr/bin/c++ 
Build flags: 
Id flags: 

The output was:
0


Compilation of the CXX compiler identification source "CMakeCXXCompilerId.cpp" produced "a.out"

The CXX compiler identification is GNU, found in "/homes/sep/bob/Src/genericIO/x/CMakeFiles/2.8.11/CompilerIdCXX/a.out"

Determining if the C compiler works passed with the following output:
Change Dir: /homes/sep/bob/Src/genericIO/x/CMakeFiles/CMakeTmp

Run Build Command:/usr/bin/gmake "cmTryCompileExec45355394/fast"
/usr/bin/gmake -f CMakeFiles/cmTryCompileExec45355394.dir/build.make CMakeFiles/cmTryCompileExec45355394.dir/build
gmake[1]: Entering directory `/homes/sep/bob/Src/genericIO/x/CMakeFiles/CMakeTmp'
/usr/bin/cmake -E cmake_progress_report /homes/sep/bob/Src/genericIO/x/CMakeFiles/CMakeTmp/CMakeFiles 1
Building C object CMakeFiles/cmTryCompileExec45355394.dir/testCCompiler.c.o
/usr/bin/cc    -o CMakeFiles/cmTryCompileExec45355394.dir/testCCompiler.c.o   -c /homes/sep/bob/Src/genericIO/x/CMakeFiles/CMakeTmp/testCCompiler.c
Linking C executable cmTryCompileExec45355394
/usr/bin/cmake -E cmake_link_script CMakeFiles/cmTryCompileExec45355394.dir/link.txt --verbose=1
/usr/bin/cc         CMakeFiles/cmTryCompileExec45355394.dir/testCCompiler.c.o  -o cmTryCompileExec45355394 -rdynamic 
gmake[1]: Leaving directory `/homes/sep/bob/Src/genericIO/x/CMakeFiles/CMakeTmp'


Detecting C compiler ABI info compiled with the following output:
Change Dir: /homes/sep/bob/Src/genericIO/x/CMakeFiles/CMakeTmp

Run Build Command:/usr/bin/gmake "cmTryCompileExec499245209/fast"
/usr/bin/gmake -f CMakeFiles/cmTryCompileExec499245209.dir/build.make CMakeFiles/cmTryCompileExec499245209.dir/build
gmake[1]: Entering directory `/homes/sep/bob/Src/genericIO/x/CMakeFiles/CMakeTmp'
/usr/bin/cmake -E cmake_progress_report /homes/sep/bob/Src/genericIO/x/CMakeFiles/CMakeTmp/CMakeFiles 1
Building C object CMakeFiles/cmTryCompileExec499245209.dir/CMakeCCompilerABI.c.o
/usr/bin/cc    -o CMakeFiles/cmTryCompileExec499245209.dir/CMakeCCompilerABI.c.o   -c /usr/share/cmake/Modules/CMakeCCompilerABI.c
Linking C executable cmTryCompileExec499245209
/usr/bin/cmake -E cmake_link_script CMakeFiles/cmTryCompileExec499245209.dir/link.txt --verbose=1
/usr/bin/cc       -v CMakeFiles/cmTryCompileExec499245209.dir/CMakeCCompilerABI.c.o  -o cmTryCompileExec499245209 -rdynamic  
Using built-in specs.
COLLECT_GCC=/usr/bin/cc
COLLECT_LTO_WRAPPER=/usr/libexec/gcc/x86_64-redhat-linux/4.8.5/lto-wrapper
Target: x86_64-redhat-linux
Configured with: ../configure --prefix=/usr --mandir=/usr/share/man --infodir=/usr/share/info --with-bugurl=http://bugzilla.redhat.com/bugzilla --enable-bootstrap --enable-shared --enable-threads=posix --enable-checking=release --with-system-zlib --enable-__cxa_atexit --disable-libunwind-exceptions --enable-gnu-unique-object --enable-linker-build-id --with-linker-hash-style=gnu --enable-languages=c,c++,objc,obj-c++,java,fortran,ada,go,lto --enable-plugin --enable-initfini-array --disable-libgcj --with-isl=/builddir/build/BUILD/gcc-4.8.5-20150702/obj-x86_64-redhat-linux/isl-install --with-cloog=/builddir/build/BUILD/gcc-4.8.5-20150702/obj-x86_64-redhat-linux/cloog-install --enable-gnu-indirect-function --with-tune=generic --with-arch_32=x86-64 --build=x86_64-redhat-linux
Thread model: posix
gcc version 4.8.5 20150623 (Red Hat 4.8.5-4) (GCC) 
COMPILER_PATH=/usr/libexec/gcc/x86_64-redhat-linux/4.8.5/:/usr/libexec/gcc/x86_64-redhat-linux/4.8.5/:/usr/libexec/gcc/x86_64-redhat-linux/:/usr/lib/gcc/x86_64-redhat-linux/4.8.5/:/usr/lib/gcc/x86_64-redhat-linux/
LIBRARY_PATH=/usr/lib/gcc/x86_64-redhat-linux/4.8.5/:/usr/lib/gcc/x86_64-redhat-linux/4.8.5/../../../../lib64/:/lib/../lib64/:/usr/lib/../lib64/:/usr/local/Intel_16/compilers_and_libraries_2016.3.210/linux/ipp/lib/intel64/:/usr/local/Intel_16/compilers_and_libraries_2016.3.210/linux/compiler/lib/intel64/:/usr/local/Intel_16/compilers_and_libraries_2016.3.210/linux/mkl/lib/intel64/:/usr/local/Intel_16/compilers_and_libraries_2016.3.210/linux/tbb/lib/intel64/gcc4.4/:/usr/local/Intel_16/compilers_and_libraries_2016.3.210/linux/daal/lib/intel64_lin/:/usr/local/Intel_16/compilers_and_libraries_2016.3.210/linux/daal/../compiler/lib/intel64_lin/:/usr/lib/gcc/x86_64-redhat-linux/4.8.5/../../../:/lib/:/usr/lib/
COLLECT_GCC_OPTIONS='-v' '-o' 'cmTryCompileExec499245209' '-rdynamic' '-mtune=generic' '-march=x86-64'
 /usr/libexec/gcc/x86_64-redhat-linux/4.8.5/collect2 --build-id --no-add-needed --eh-frame-hdr --hash-style=gnu -m elf_x86_64 -export-dynamic -dynamic-linker /lib64/ld-linux-x86-64.so.2 -o cmTryCompileExec499245209 /usr/lib/gcc/x86_64-redhat-linux/4.8.5/../../../../lib64/crt1.o /usr/lib/gcc/x86_64-redhat-linux/4.8.5/../../../../lib64/crti.o /usr/lib/gcc/x86_64-redhat-linux/4.8.5/crtbegin.o -L/usr/lib/gcc/x86_64-redhat-linux/4.8.5 -L/usr/lib/gcc/x86_64-redhat-linux/4.8.5/../../../../lib64 -L/lib/../lib64 -L/usr/lib/../lib64 -L/usr/local/Intel_16/compilers_and_libraries_2016.3.210/linux/ipp/lib/intel64 -L/usr/local/Intel_16/compilers_and_libraries_2016.3.210/linux/compiler/lib/intel64 -L/usr/local/Intel_16/compilers_and_libraries_2016.3.210/linux/mkl/lib/intel64 -L/usr/local/Intel_16/compilers_and_libraries_2016.3.210/linux/tbb/lib/intel64/gcc4.4 -L/usr/local/Intel_16/compilers_and_libraries_2016.3.210/linux/daal/lib/intel64_lin -L/usr/local/Intel_16/compilers_and_libraries_2016.3.210/linux/daal/../compiler/lib/intel64_lin -L/usr/lib/gcc/x86_64-redhat-linux/4.8.5/../../.. CMakeFiles/cmTryCompileExec499245209.dir/CMakeCCompilerABI.c.o -lgcc --as-needed -lgcc_s --no-as-needed -lc -lgcc --as-needed -lgcc_s --no-as-needed /usr/lib/gcc/x86_64-redhat-linux/4.8.5/crtend.o /usr/lib/gcc/x86_64-redhat-linux/4.8.5/../../../../lib64/crtn.o
gmake[1]: Leaving directory `/homes/sep/bob/Src/genericIO/x/CMakeFiles/CMakeTmp'


Parsed C implicit link information from above output:
  link line regex: [^( *|.*[/\])(ld|ld|collect2)[^/\]*( |$)]
  ignore line: [Change Dir: /homes/sep/bob/Src/genericIO/x/CMakeFiles/CMakeTmp]
  ignore line: []
  ignore line: [Run Build Command:/usr/bin/gmake "cmTryCompileExec499245209/fast"]
  ignore line: [/usr/bin/gmake -f CMakeFiles/cmTryCompileExec499245209.dir/build.make CMakeFiles/cmTryCompileExec499245209.dir/build]
  ignore line: [gmake[1]: Entering directory `/homes/sep/bob/Src/genericIO/x/CMakeFiles/CMakeTmp']
  ignore line: [/usr/bin/cmake -E cmake_progress_report /homes/sep/bob/Src/genericIO/x/CMakeFiles/CMakeTmp/CMakeFiles 1]
  ignore line: [Building C object CMakeFiles/cmTryCompileExec499245209.dir/CMakeCCompilerABI.c.o]
  ignore line: [/usr/bin/cc    -o CMakeFiles/cmTryCompileExec499245209.dir/CMakeCCompilerABI.c.o   -c /usr/share/cmake/Modules/CMakeCCompilerABI.c]
  ignore line: [Linking C executable cmTryCompileExec499245209]
  ignore line: [/usr/bin/cmake -E cmake_link_script CMakeFiles/cmTryCompileExec499245209.dir/link.txt --verbose=1]
  ignore line: [/usr/bin/cc       -v CMakeFiles/cmTryCompileExec499245209.dir/CMakeCCompilerABI.c.o  -o cmTryCompileExec499245209 -rdynamic  ]
  ignore line: [Using built-in specs.]
  ignore line: [COLLECT_GCC=/usr/bin/cc]
  ignore line: [COLLECT_LTO_WRAPPER=/usr/libexec/gcc/x86_64-redhat-linux/4.8.5/lto-wrapper]
  ignore line: [Target: x86_64-redhat-linux]
  ignore line: [Configured with: ../configure --prefix=/usr --mandir=/usr/share/man --infodir=/usr/share/info --with-bugurl=http://bugzilla.redhat.com/bugzilla --enable-bootstrap --enable-shared --enable-threads=posix --enable-checking=release --with-system-zlib --enable-__cxa_atexit --disable-libunwind-exceptions --enable-gnu-unique-object --enable-linker-build-id --with-linker-hash-style=gnu --enable-languages=c,c++,objc,obj-c++,java,fortran,ada,go,lto --enable-plugin --enable-initfini-array --disable-libgcj --with-isl=/builddir/build/BUILD/gcc-4.8.5-20150702/obj-x86_64-redhat-linux/isl-install --with-cloog=/builddir/build/BUILD/gcc-4.8.5-20150702/obj-x86_64-redhat-linux/cloog-install --enable-gnu-indirect-function --with-tune=generic --with-arch_32=x86-64 --build=x86_64-redhat-linux]
  ignore line: [Thread model: posix]
  ignore line: [gcc version 4.8.5 20150623 (Red Hat 4.8.5-4) (GCC) ]
  ignore line: [COMPILER_PATH=/usr/libexec/gcc/x86_64-redhat-linux/4.8.5/:/usr/libexec/gcc/x86_64-redhat-linux/4.8.5/:/usr/libexec/gcc/x86_64-redhat-linux/:/usr/lib/gcc/x86_64-redhat-linux/4.8.5/:/usr/lib/gcc/x86_64-redhat-linux/]
  ignore line: [LIBRARY_PATH=/usr/lib/gcc/x86_64-redhat-linux/4.8.5/:/usr/lib/gcc/x86_64-redhat-linux/4.8.5/../../../../lib64/:/lib/../lib64/:/usr/lib/../lib64/:/usr/local/Intel_16/compilers_and_libraries_2016.3.210/linux/ipp/lib/intel64/:/usr/local/Intel_16/compilers_and_libraries_2016.3.210/linux/compiler/lib/intel64/:/usr/local/Intel_16/compilers_and_libraries_2016.3.210/linux/mkl/lib/intel64/:/usr/local/Intel_16/compilers_and_libraries_2016.3.210/linux/tbb/lib/intel64/gcc4.4/:/usr/local/Intel_16/compilers_and_libraries_2016.3.210/linux/daal/lib/intel64_lin/:/usr/local/Intel_16/compilers_and_libraries_2016.3.210/linux/daal/../compiler/lib/intel64_lin/:/usr/lib/gcc/x86_64-redhat-linux/4.8.5/../../../:/lib/:/usr/lib/]
  ignore line: [COLLECT_GCC_OPTIONS='-v' '-o' 'cmTryCompileExec499245209' '-rdynamic' '-mtune=generic' '-march=x86-64']
  link line: [ /usr/libexec/gcc/x86_64-redhat-linux/4.8.5/collect2 --build-id --no-add-needed --eh-frame-hdr --hash-style=gnu -m elf_x86_64 -export-dynamic -dynamic-linker /lib64/ld-linux-x86-64.so.2 -o cmTryCompileExec499245209 /usr/lib/gcc/x86_64-redhat-linux/4.8.5/../../../../lib64/crt1.o /usr/lib/gcc/x86_64-redhat-linux/4.8.5/../../../../lib64/crti.o /usr/lib/gcc/x86_64-redhat-linux/4.8.5/crtbegin.o -L/usr/lib/gcc/x86_64-redhat-linux/4.8.5 -L/usr/lib/gcc/x86_64-redhat-linux/4.8.5/../../../../lib64 -L/lib/../lib64 -L/usr/lib/../lib64 -L/usr/local/Intel_16/compilers_and_libraries_2016.3.210/linux/ipp/lib/intel64 -L/usr/local/Intel_16/compilers_and_libraries_2016.3.210/linux/compiler/lib/intel64 -L/usr/local/Intel_16/compilers_and_libraries_2016.3.210/linux/mkl/lib/intel64 -L/usr/local/Intel_16/compilers_and_libraries_2016.3.210/linux/tbb/lib/intel64/gcc4.4 -L/usr/local/Intel_16/compilers_and_libraries_2016.3.210/linux/daal/lib/intel64_lin -L/usr/local/Intel_16/compilers_and_libraries_2016.3.210/linux/daal/../compiler/lib/intel64_lin -L/usr/lib/gcc/x86_64-redhat-linux/4.8.5/../../.. CMakeFiles/cmTryCompileExec499245209.dir/CMakeCCompilerABI.c.o -lgcc --as-needed -lgcc_s --no-as-needed -lc -lgcc --as-needed -lgcc_s --no-as-needed /usr/lib/gcc/x86_64-redhat-linux/4.8.5/crtend.o /usr/lib/gcc/x86_64-redhat-linux/4.8.5/../../../../lib64/crtn.o]
    arg [/usr/libexec/gcc/x86_64-redhat-linux/4.8.5/collect2] ==> ignore
    arg [--build-id] ==> ignore
    arg [--no-add-needed] ==> ignore
    arg [--eh-frame-hdr] ==> ignore
    arg [--hash-style=gnu] ==> ignore
    arg [-m] ==> ignore
    arg [elf_x86_64] ==> ignore
    arg [-export-dynamic] ==> ignore
    arg [-dynamic-linker] ==> ignore
    arg [/lib64/ld-linux-x86-64.so.2] ==> ignore
    arg [-o] ==> ignore
    arg [cmTryCompileExec499245209] ==> ignore
    arg [/usr/lib/gcc/x86_64-redhat-linux/4.8.5/../../../../lib64/crt1.o] ==> ignore
    arg [/usr/lib/gcc/x86_64-redhat-linux/4.8.5/../../../../lib64/crti.o] ==> ignore
    arg [/usr/lib/gcc/x86_64-redhat-linux/4.8.5/crtbegin.o] ==> ignore
    arg [-L/usr/lib/gcc/x86_64-redhat-linux/4.8.5] ==> dir [/usr/lib/gcc/x86_64-redhat-linux/4.8.5]
    arg [-L/usr/lib/gcc/x86_64-redhat-linux/4.8.5/../../../../lib64] ==> dir [/usr/lib/gcc/x86_64-redhat-linux/4.8.5/../../../../lib64]
    arg [-L/lib/../lib64] ==> dir [/lib/../lib64]
    arg [-L/usr/lib/../lib64] ==> dir [/usr/lib/../lib64]
    arg [-L/usr/local/Intel_16/compilers_and_libraries_2016.3.210/linux/ipp/lib/intel64] ==> dir [/usr/local/Intel_16/compilers_and_libraries_2016.3.210/linux/ipp/lib/intel64]
    arg [-L/usr/local/Intel_16/compilers_and_libraries_2016.3.210/linux/compiler/lib/intel64] ==> dir [/usr/local/Intel_16/compilers_and_libraries_2016.3.210/linux/compiler/lib/intel64]
    arg [-L/usr/local/Intel_16/compilers_and_libraries_2016.3.210/linux/mkl/lib/intel64] ==> dir [/usr/local/Intel_16/compilers_and_libraries_2016.3.210/linux/mkl/lib/intel64]
    arg [-L/usr/local/Intel_16/compilers_and_libraries_2016.3.210/linux/tbb/lib/intel64/gcc4.4] ==> dir [/usr/local/Intel_16/compilers_and_libraries_2016.3.210/linux/tbb/lib/intel64/gcc4.4]
    arg [-L/usr/local/Intel_16/compilers_and_libraries_2016.3.210/linux/daal/lib/intel64_lin] ==> dir [/usr/local/Intel_16/compilers_and_libraries_2016.3.210/linux/daal/lib/intel64_lin]
    arg [-L/usr/local/Intel_16/compilers_and_libraries_2016.3.210/linux/daal/../compiler/lib/intel64_lin] ==> dir [/usr/local/Intel_16/compilers_and_libraries_2016.3.210/linux/daal/../compiler/lib/intel64_lin]
    arg [-L/usr/lib/gcc/x86_64-redhat-linux/4.8.5/../../..] ==> dir [/usr/lib/gcc/x86_64-redhat-linux/4.8.5/../../..]
    arg [CMakeFiles/cmTryCompileExec499245209.dir/CMakeCCompilerABI.c.o] ==> ignore
    arg [-lgcc] ==> lib [gcc]
    arg [--as-needed] ==> ignore
    arg [-lgcc_s] ==> lib [gcc_s]
    arg [--no-as-needed] ==> ignore
    arg [-lc] ==> lib [c]
    arg [-lgcc] ==> lib [gcc]
    arg [--as-needed] ==> ignore
    arg [-lgcc_s] ==> lib [gcc_s]
    arg [--no-as-needed] ==> ignore
    arg [/usr/lib/gcc/x86_64-redhat-linux/4.8.5/crtend.o] ==> ignore
    arg [/usr/lib/gcc/x86_64-redhat-linux/4.8.5/../../../../lib64/crtn.o] ==> ignore
  remove lib [gcc]
  remove lib [gcc_s]
  remove lib [gcc]
  remove lib [gcc_s]
  collapse library dir [/usr/lib/gcc/x86_64-redhat-linux/4.8.5] ==> [/usr/lib/gcc/x86_64-redhat-linux/4.8.5]
  collapse library dir [/usr/lib/gcc/x86_64-redhat-linux/4.8.5/../../../../lib64] ==> [/usr/lib64]
  collapse library dir [/lib/../lib64] ==> [/lib64]
  collapse library dir [/usr/lib/../lib64] ==> [/usr/lib64]
  collapse library dir [/usr/local/Intel_16/compilers_and_libraries_2016.3.210/linux/ipp/lib/intel64] ==> [/usr/local/Intel_16/compilers_and_libraries_2016.3.210/linux/ipp/lib/intel64]
  collapse library dir [/usr/local/Intel_16/compilers_and_libraries_2016.3.210/linux/compiler/lib/intel64] ==> [/usr/local/Intel_16/compilers_and_libraries_2016.3.210/linux/compiler/lib/intel64]
  collapse library dir [/usr/local/Intel_16/compilers_and_libraries_2016.3.210/linux/mkl/lib/intel64] ==> [/usr/local/Intel_16/compilers_and_libraries_2016.3.210/linux/mkl/lib/intel64]
  collapse library dir [/usr/local/Intel_16/compilers_and_libraries_2016.3.210/linux/tbb/lib/intel64/gcc4.4] ==> [/usr/local/Intel_16/compilers_and_libraries_2016.3.210/linux/tbb/lib/intel64/gcc4.4]
  collapse library dir [/usr/local/Intel_16/compilers_and_libraries_2016.3.210/linux/daal/lib/intel64_lin] ==> [/usr/local/Intel_16/compilers_and_libraries_2016.3.210/linux/daal/lib/intel64_lin]
  collapse library dir [/usr/local/Intel_16/compilers_and_libraries_2016.3.210/linux/daal/../compiler/lib/intel64_lin] ==> [/usr/local/Intel_16/compilers_and_libraries_2016.3.210/linux/compiler/lib/intel64_lin]
  collapse library dir [/usr/lib/gcc/x86_64-redhat-linux/4.8.5/../../..] ==> [/usr/lib]
  implicit libs: [c]
  implicit dirs: [/usr/lib/gcc/x86_64-redhat-linux/4.8.5;/usr/lib64;/lib64;/usr/local/Intel_16/compilers_and_libraries_2016.3.210/linux/ipp/lib/intel64;/usr/local/Intel_16/compilers_and_libraries_2016.3.210/linux/compiler/lib/intel64;/usr/local/Intel_16/compilers_and_libraries_2016.3.210/linux/mkl/lib/intel64;/usr/local/Intel_16/compilers_and_libraries_2016.3.210/linux/tbb/lib/intel64/gcc4.4;/usr/local/Intel_16/compilers_and_libraries_2016.3.210/linux/daal/lib/intel64_lin;/usr/local/Intel_16/compilers_and_libraries_2016.3.210/linux/compiler/lib/intel64_lin;/usr/lib]
  implicit fwks: []


Determining if the CXX compiler works passed with the following output:
Change Dir: /homes/sep/bob/Src/genericIO/x/CMakeFiles/CMakeTmp

Run Build Command:/usr/bin/gmake "cmTryCompileExec2030666216/fast"
/usr/bin/gmake -f CMakeFiles/cmTryCompileExec2030666216.dir/build.make CMakeFiles/cmTryCompileExec2030666216.dir/build
gmake[1]: Entering directory `/homes/sep/bob/Src/genericIO/x/CMakeFiles/CMakeTmp'
/usr/bin/cmake -E cmake_progress_report /homes/sep/bob/Src/genericIO/x/CMakeFiles/CMakeTmp/CMakeFiles 1
Building CXX object CMakeFiles/cmTryCompileExec2030666216.dir/testCXXCompiler.cxx.o
/usr/bin/c++     -o CMakeFiles/cmTryCompileExec2030666216.dir/testCXXCompiler.cxx.o -c /homes/sep/bob/Src/genericIO/x/CMakeFiles/CMakeTmp/testCXXCompiler.cxx
Linking CXX executable cmTryCompileExec2030666216
/usr/bin/cmake -E cmake_link_script CMakeFiles/cmTryCompileExec2030666216.dir/link.txt --verbose=1
/usr/bin/c++          CMakeFiles/cmTryCompileExec2030666216.dir/testCXXCompiler.cxx.o  -o cmTryCompileExec2030666216 -rdynamic 
gmake[1]: Leaving directory `/homes/sep/bob/Src/genericIO/x/CMakeFiles/CMakeTmp'


Detecting CXX compiler ABI info compiled with the following output:
Change Dir: /homes/sep/bob/Src/genericIO/x/CMakeFiles/CMakeTmp

Run Build Command:/usr/bin/gmake "cmTryCompileExec219943057/fast"
/usr/bin/gmake -f CMakeFiles/cmTryCompileExec219943057.dir/build.make CMakeFiles/cmTryCompileExec219943057.dir/build
gmake[1]: Entering directory `/homes/sep/bob/Src/genericIO/x/CMakeFiles/CMakeTmp'
/usr/bin/cmake -E cmake_progress_report /homes/sep/bob/Src/genericIO/x/CMakeFiles/CMakeTmp/CMakeFiles 1
Building CXX object CMakeFiles/cmTryCompileExec219943057.dir/CMakeCXXCompilerABI.cpp.o
/usr/bin/c++     -o CMakeFiles/cmTryCompileExec219943057.dir/CMakeCXXCompilerABI.cpp.o -c /usr/share/cmake/Modules/CMakeCXXCompilerABI.cpp
Linking CXX executable cmTryCompileExec219943057
/usr/bin/cmake -E cmake_link_script CMakeFiles/cmTryCompileExec219943057.dir/link.txt --verbose=1
/usr/bin/c++        -v CMakeFiles/cmTryCompileExec219943057.dir/CMakeCXXCompilerABI.cpp.o  -o cmTryCompileExec219943057 -rdynamic  
Using built-in specs.
COLLECT_GCC=/usr/bin/c++
COLLECT_LTO_WRAPPER=/usr/libexec/gcc/x86_64-redhat-linux/4.8.5/lto-wrapper
Target: x86_64-redhat-linux
Configured with: ../configure --prefix=/usr --mandir=/usr/share/man --infodir=/usr/share/info --with-bugurl=http://bugzilla.redhat.com/bugzilla --enable-bootstrap --enable-shared --enable-threads=posix --enable-checking=release --with-system-zlib --enable-__cxa_atexit --disable-libunwind-exceptions --enable-gnu-unique-object --enable-linker-build-id --with-linker-hash-style=gnu --enable-languages=c,c++,objc,obj-c++,java,fortran,ada,go,lto --enable-plugin --enable-initfini-array --disable-libgcj --with-isl=/builddir/build/BUILD/gcc-4.8.5-20150702/obj-x86_64-redhat-linux/isl-install --with-cloog=/builddir/build/BUILD/gcc-4.8.5-20150702/obj-x86_64-redhat-linux/cloog-install --enable-gnu-indirect-function --with-tune=generic --with-arch_32=x86-64 --build=x86_64-redhat-linux
Thread model: posix
gcc version 4.8.5 20150623 (Red Hat 4.8.5-4) (GCC) 
COMPILER_PATH=/usr/libexec/gcc/x86_64-redhat-linux/4.8.5/:/usr/libexec/gcc/x86_64-redhat-linux/4.8.5/:/usr/libexec/gcc/x86_64-redhat-linux/:/usr/lib/gcc/x86_64-redhat-linux/4.8.5/:/usr/lib/gcc/x86_64-redhat-linux/
LIBRARY_PATH=/usr/lib/gcc/x86_64-redhat-linux/4.8.5/:/usr/lib/gcc/x86_64-redhat-linux/4.8.5/../../../../lib64/:/lib/../lib64/:/usr/lib/../lib64/:/usr/local/Intel_16/compilers_and_libraries_2016.3.210/linux/ipp/lib/intel64/:/usr/local/Intel_16/compilers_and_libraries_2016.3.210/linux/compiler/lib/intel64/:/usr/local/Intel_16/compilers_and_libraries_2016.3.210/linux/mkl/lib/intel64/:/usr/local/Intel_16/compilers_and_libraries_2016.3.210/linux/tbb/lib/intel64/gcc4.4/:/usr/local/Intel_16/compilers_and_libraries_2016.3.210/linux/daal/lib/intel64_lin/:/usr/local/Intel_16/compilers_and_libraries_2016.3.210/linux/daal/../compiler/lib/intel64_lin/:/usr/lib/gcc/x86_64-redhat-linux/4.8.5/../../../:/lib/:/usr/lib/
COLLECT_GCC_OPTIONS='-v' '-o' 'cmTryCompileExec219943057' '-rdynamic' '-shared-libgcc' '-mtune=generic' '-march=x86-64'
 /usr/libexec/gcc/x86_64-redhat-linux/4.8.5/collect2 --build-id --no-add-needed --eh-frame-hdr --hash-style=gnu -m elf_x86_64 -export-dynamic -dynamic-linker /lib64/ld-linux-x86-64.so.2 -o cmTryCompileExec219943057 /usr/lib/gcc/x86_64-redhat-linux/4.8.5/../../../../lib64/crt1.o /usr/lib/gcc/x86_64-redhat-linux/4.8.5/../../../../lib64/crti.o /usr/lib/gcc/x86_64-redhat-linux/4.8.5/crtbegin.o -L/usr/lib/gcc/x86_64-redhat-linux/4.8.5 -L/usr/lib/gcc/x86_64-redhat-linux/4.8.5/../../../../lib64 -L/lib/../lib64 -L/usr/lib/../lib64 -L/usr/local/Intel_16/compilers_and_libraries_2016.3.210/linux/ipp/lib/intel64 -L/usr/local/Intel_16/compilers_and_libraries_2016.3.210/linux/compiler/lib/intel64 -L/usr/local/Intel_16/compilers_and_libraries_2016.3.210/linux/mkl/lib/intel64 -L/usr/local/Intel_16/compilers_and_libraries_2016.3.210/linux/tbb/lib/intel64/gcc4.4 -L/usr/local/Intel_16/compilers_and_libraries_2016.3.210/linux/daal/lib/intel64_lin -L/usr/local/Intel_16/compilers_and_libraries_2016.3.210/linux/daal/../compiler/lib/intel64_lin -L/usr/lib/gcc/x86_64-redhat-linux/4.8.5/../../.. CMakeFiles/cmTryCompileExec219943057.dir/CMakeCXXCompilerABI.cpp.o -lstdc++ -lm -lgcc_s -lgcc -lc -lgcc_s -lgcc /usr/lib/gcc/x86_64-redhat-linux/4.8.5/crtend.o /usr/lib/gcc/x86_64-redhat-linux/4.8.5/../../../../lib64/crtn.o
gmake[1]: Leaving directory `/homes/sep/bob/Src/genericIO/x/CMakeFiles/CMakeTmp'


Parsed CXX implicit link information from above output:
  link line regex: [^( *|.*[/\])(ld|ld|collect2)[^/\]*( |$)]
  ignore line: [Change Dir: /homes/sep/bob/Src/genericIO/x/CMakeFiles/CMakeTmp]
  ignore line: []
  ignore line: [Run Build Command:/usr/bin/gmake "cmTryCompileExec219943057/fast"]
  ignore line: [/usr/bin/gmake -f CMakeFiles/cmTryCompileExec219943057.dir/build.make CMakeFiles/cmTryCompileExec219943057.dir/build]
  ignore line: [gmake[1]: Entering directory `/homes/sep/bob/Src/genericIO/x/CMakeFiles/CMakeTmp']
  ignore line: [/usr/bin/cmake -E cmake_progress_report /homes/sep/bob/Src/genericIO/x/CMakeFiles/CMakeTmp/CMakeFiles 1]
  ignore line: [Building CXX object CMakeFiles/cmTryCompileExec219943057.dir/CMakeCXXCompilerABI.cpp.o]
  ignore line: [/usr/bin/c++     -o CMakeFiles/cmTryCompileExec219943057.dir/CMakeCXXCompilerABI.cpp.o -c /usr/share/cmake/Modules/CMakeCXXCompilerABI.cpp]
  ignore line: [Linking CXX executable cmTryCompileExec219943057]
  ignore line: [/usr/bin/cmake -E cmake_link_script CMakeFiles/cmTryCompileExec219943057.dir/link.txt --verbose=1]
  ignore line: [/usr/bin/c++        -v CMakeFiles/cmTryCompileExec219943057.dir/CMakeCXXCompilerABI.cpp.o  -o cmTryCompileExec219943057 -rdynamic  ]
  ignore line: [Using built-in specs.]
  ignore line: [COLLECT_GCC=/usr/bin/c++]
  ignore line: [COLLECT_LTO_WRAPPER=/usr/libexec/gcc/x86_64-redhat-linux/4.8.5/lto-wrapper]
  ignore line: [Target: x86_64-redhat-linux]
  ignore line: [Configured with: ../configure --prefix=/usr --mandir=/usr/share/man --infodir=/usr/share/info --with-bugurl=http://bugzilla.redhat.com/bugzilla --enable-bootstrap --enable-shared --enable-threads=posix --enable-checking=release --with-system-zlib --enable-__cxa_atexit --disable-libunwind-exceptions --enable-gnu-unique-object --enable-linker-build-id --with-linker-hash-style=gnu --enable-languages=c,c++,objc,obj-c++,java,fortran,ada,go,lto --enable-plugin --enable-initfini-array --disable-libgcj --with-isl=/builddir/build/BUILD/gcc-4.8.5-20150702/obj-x86_64-redhat-linux/isl-install --with-cloog=/builddir/build/BUILD/gcc-4.8.5-20150702/obj-x86_64-redhat-linux/cloog-install --enable-gnu-indirect-function --with-tune=generic --with-arch_32=x86-64 --build=x86_64-redhat-linux]
  ignore line: [Thread model: posix]
  ignore line: [gcc version 4.8.5 20150623 (Red Hat 4.8.5-4) (GCC) ]
  ignore line: [COMPILER_PATH=/usr/libexec/gcc/x86_64-redhat-linux/4.8.5/:/usr/libexec/gcc/x86_64-redhat-linux/4.8.5/:/usr/libexec/gcc/x86_64-redhat-linux/:/usr/lib/gcc/x86_64-redhat-linux/4.8.5/:/usr/lib/gcc/x86_64-redhat-linux/]
  ignore line: [LIBRARY_PATH=/usr/lib/gcc/x86_64-redhat-linux/4.8.5/:/usr/lib/gcc/x86_64-redhat-linux/4.8.5/../../../../lib64/:/lib/../lib64/:/usr/lib/../lib64/:/usr/local/Intel_16/compilers_and_libraries_2016.3.210/linux/ipp/lib/intel64/:/usr/local/Intel_16/compilers_and_libraries_2016.3.210/linux/compiler/lib/intel64/:/usr/local/Intel_16/compilers_and_libraries_2016.3.210/linux/mkl/lib/intel64/:/usr/local/Intel_16/compilers_and_libraries_2016.3.210/linux/tbb/lib/intel64/gcc4.4/:/usr/local/Intel_16/compilers_and_libraries_2016.3.210/linux/daal/lib/intel64_lin/:/usr/local/Intel_16/compilers_and_libraries_2016.3.210/linux/daal/../compiler/lib/intel64_lin/:/usr/lib/gcc/x86_64-redhat-linux/4.8.5/../../../:/lib/:/usr/lib/]
  ignore line: [COLLECT_GCC_OPTIONS='-v' '-o' 'cmTryCompileExec219943057' '-rdynamic' '-shared-libgcc' '-mtune=generic' '-march=x86-64']
  link line: [ /usr/libexec/gcc/x86_64-redhat-linux/4.8.5/collect2 --build-id --no-add-needed --eh-frame-hdr --hash-style=gnu -m elf_x86_64 -export-dynamic -dynamic-linker /lib64/ld-linux-x86-64.so.2 -o cmTryCompileExec219943057 /usr/lib/gcc/x86_64-redhat-linux/4.8.5/../../../../lib64/crt1.o /usr/lib/gcc/x86_64-redhat-linux/4.8.5/../../../../lib64/crti.o /usr/lib/gcc/x86_64-redhat-linux/4.8.5/crtbegin.o -L/usr/lib/gcc/x86_64-redhat-linux/4.8.5 -L/usr/lib/gcc/x86_64-redhat-linux/4.8.5/../../../../lib64 -L/lib/../lib64 -L/usr/lib/../lib64 -L/usr/local/Intel_16/compilers_and_libraries_2016.3.210/linux/ipp/lib/intel64 -L/usr/local/Intel_16/compilers_and_libraries_2016.3.210/linux/compiler/lib/intel64 -L/usr/local/Intel_16/compilers_and_libraries_2016.3.210/linux/mkl/lib/intel64 -L/usr/local/Intel_16/compilers_and_libraries_2016.3.210/linux/tbb/lib/intel64/gcc4.4 -L/usr/local/Intel_16/compilers_and_libraries_2016.3.210/linux/daal/lib/intel64_lin -L/usr/local/Intel_16/compilers_and_libraries_2016.3.210/linux/daal/../compiler/lib/intel64_lin -L/usr/lib/gcc/x86_64-redhat-linux/4.8.5/../../.. CMakeFiles/cmTryCompileExec219943057.dir/CMakeCXXCompilerABI.cpp.o -lstdc++ -lm -lgcc_s -lgcc -lc -lgcc_s -lgcc /usr/lib/gcc/x86_64-redhat-linux/4.8.5/crtend.o /usr/lib/gcc/x86_64-redhat-linux/4.8.5/../../../../lib64/crtn.o]
    arg [/usr/libexec/gcc/x86_64-redhat-linux/4.8.5/collect2] ==> ignore
    arg [--build-id] ==> ignore
    arg [--no-add-needed] ==> ignore
    arg [--eh-frame-hdr] ==> ignore
    arg [--hash-style=gnu] ==> ignore
    arg [-m] ==> ignore
    arg [elf_x86_64] ==> ignore
    arg [-export-dynamic] ==> ignore
    arg [-dynamic-linker] ==> ignore
    arg [/lib64/ld-linux-x86-64.so.2] ==> ignore
    arg [-o] ==> ignore
    arg [cmTryCompileExec219943057] ==> ignore
    arg [/usr/lib/gcc/x86_64-redhat-linux/4.8.5/../../../../lib64/crt1.o] ==> ignore
    arg [/usr/lib/gcc/x86_64-redhat-linux/4.8.5/../../../../lib64/crti.o] ==> ignore
    arg [/usr/lib/gcc/x86_64-redhat-linux/4.8.5/crtbegin.o] ==> ignore
    arg [-L/usr/lib/gcc/x86_64-redhat-linux/4.8.5] ==> dir [/usr/lib/gcc/x86_64-redhat-linux/4.8.5]
    arg [-L/usr/lib/gcc/x86_64-redhat-linux/4.8.5/../../../../lib64] ==> dir [/usr/lib/gcc/x86_64-redhat-linux/4.8.5/../../../../lib64]
    arg [-L/lib/../lib64] ==> dir [/lib/../lib64]
    arg [-L/usr/lib/../lib64] ==> dir [/usr/lib/../lib64]
    arg [-L/usr/local/Intel_16/compilers_and_libraries_2016.3.210/linux/ipp/lib/intel64] ==> dir [/usr/local/Intel_16/compilers_and_libraries_2016.3.210/linux/ipp/lib/intel64]
    arg [-L/usr/local/Intel_16/compilers_and_libraries_2016.3.210/linux/compiler/lib/intel64] ==> dir [/usr/local/Intel_16/compilers_and_libraries_2016.3.210/linux/compiler/lib/intel64]
    arg [-L/usr/local/Intel_16/compilers_and_libraries_2016.3.210/linux/mkl/lib/intel64] ==> dir [/usr/local/Intel_16/compilers_and_libraries_2016.3.210/linux/mkl/lib/intel64]
    arg [-L/usr/local/Intel_16/compilers_and_libraries_2016.3.210/linux/tbb/lib/intel64/gcc4.4] ==> dir [/usr/local/Intel_16/compilers_and_libraries_2016.3.210/linux/tbb/lib/intel64/gcc4.4]
    arg [-L/usr/local/Intel_16/compilers_and_libraries_2016.3.210/linux/daal/lib/intel64_lin] ==> dir [/usr/local/Intel_16/compilers_and_libraries_2016.3.210/linux/daal/lib/intel64_lin]
    arg [-L/usr/local/Intel_16/compilers_and_libraries_2016.3.210/linux/daal/../compiler/lib/intel64_lin] ==> dir [/usr/local/Intel_16/compilers_and_libraries_2016.3.210/linux/daal/../compiler/lib/intel64_lin]
    arg [-L/usr/lib/gcc/x86_64-redhat-linux/4.8.5/../../..] ==> dir [/usr/lib/gcc/x86_64-redhat-linux/4.8.5/../../..]
    arg [CMakeFiles/cmTryCompileExec219943057.dir/CMakeCXXCompilerABI.cpp.o] ==> ignore
    arg [-lstdc++] ==> lib [stdc++]
    arg [-lm] ==> lib [m]
    arg [-lgcc_s] ==> lib [gcc_s]
    arg [-lgcc] ==> lib [gcc]
    arg [-lc] ==> lib [c]
    arg [-lgcc_s] ==> lib [gcc_s]
    arg [-lgcc] ==> lib [gcc]
    arg [/usr/lib/gcc/x86_64-redhat-linux/4.8.5/crtend.o] ==> ignore
    arg [/usr/lib/gcc/x86_64-redhat-linux/4.8.5/../../../../lib64/crtn.o] ==> ignore
  remove lib [gcc_s]
  remove lib [gcc]
  remove lib [gcc_s]
  remove lib [gcc]
  collapse library dir [/usr/lib/gcc/x86_64-redhat-linux/4.8.5] ==> [/usr/lib/gcc/x86_64-redhat-linux/4.8.5]
  collapse library dir [/usr/lib/gcc/x86_64-redhat-linux/4.8.5/../../../../lib64] ==> [/usr/lib64]
  collapse library dir [/lib/../lib64] ==> [/lib64]
  collapse library dir [/usr/lib/../lib64] ==> [/usr/lib64]
  collapse library dir [/usr/local/Intel_16/compilers_and_libraries_2016.3.210/linux/ipp/lib/intel64] ==> [/usr/local/Intel_16/compilers_and_libraries_2016.3.210/linux/ipp/lib/intel64]
  collapse library dir [/usr/local/Intel_16/compilers_and_libraries_2016.3.210/linux/compiler/lib/intel64] ==> [/usr/local/Intel_16/compilers_and_libraries_2016.3.210/linux/compiler/lib/intel64]
  collapse library dir [/usr/local/Intel_16/compilers_and_libraries_2016.3.210/linux/mkl/lib/intel64] ==> [/usr/local/Intel_16/compilers_and_libraries_2016.3.210/linux/mkl/lib/intel64]
  collapse library dir [/usr/local/Intel_16/compilers_and_libraries_2016.3.210/linux/tbb/lib/intel64/gcc4.4] ==> [/usr/local/Intel_16/compilers_and_libraries_2016.3.210/linux/tbb/lib/intel64/gcc4.4]
  collapse library dir [/usr/local/Intel_16/compilers_and_libraries_2016.3.210/linux/daal/lib/intel64_lin] ==> [/usr/local/Intel_16/compilers_and_libraries_2016.3.210/linux/daal/lib/intel64_lin]
  collapse library dir [/usr/local/Intel_16/compilers_and_libraries_2016.3.210/linux/daal/../compiler/lib/intel64_lin] ==> [/usr/local/Intel_16/compilers_and_libraries_2016.3.210/linux/compiler/lib/intel64_lin]
  collapse library dir [/usr/lib/gcc/x86_64-redhat-linux/4.8.5/../../..] ==> [/usr/lib]
  implicit libs: [stdc++;m;c]
  implicit dirs: [/usr/lib/gcc/x86_64-redhat-linux/4.8.5;/usr/lib64;/lib64;/usr/local/Intel_16/compilers_and_libraries_2016.3.210/linux/ipp/lib/intel64;/usr/local/Intel_16/compilers_and_libraries_2016.3.210/linux/compiler/lib/intel64;/usr/local/Intel_16/compilers_and_libraries_2016.3.210/linux/mkl/lib/intel64;/usr/local/Intel_16/compilers_and_libraries_2016.3.210/linux/tbb/lib/intel64/gcc4.4;/usr/local/Intel_16/compilers_and_libraries_2016.3.210/linux/daal/lib/intel64_lin;/usr/local/Intel_16/compilers_and_libraries_2016.3.210/linux/compiler/lib/intel64_lin;/usr/lib]
  implicit fwks: []


Performing C++ SOURCE FILE Test COMPILER_SUPPORTS_CXX11 succeded with the following output:
Change Dir: /homes/sep/bob/Src/genericIO/x/CMakeFiles/CMakeTmp

Run Build Command:/usr/bin/gmake "cmTryCompileExec1860356629/fast"
/usr/bin/gmake -f CMakeFiles/cmTryCompileExec1860356629.dir/build.make CMakeFiles/cmTryCompileExec1860356629.dir/build
gmake[1]: Entering directory `/homes/sep/bob/Src/genericIO/x/CMakeFiles/CMakeTmp'
/usr/bin/cmake -E cmake_progress_report /homes/sep/bob/Src/genericIO/x/CMakeFiles/CMakeTmp/CMakeFiles 1
Building CXX object CMakeFiles/cmTryCompileExec1860356629.dir/src.cxx.o
/usr/bin/c++    -DCOMPILER_SUPPORTS_CXX11   -std=c++11 -o CMakeFiles/cmTryCompileExec1860356629.dir/src.cxx.o -c /homes/sep/bob/Src/genericIO/x/CMakeFiles/CMakeTmp/src.cxx
Linking CXX executable cmTryCompileExec1860356629
/usr/bin/cmake -E cmake_link_script CMakeFiles/cmTryCompileExec1860356629.dir/link.txt --verbose=1
/usr/bin/c++      -DCOMPILER_SUPPORTS_CXX11    CMakeFiles/cmTryCompileExec1860356629.dir/src.cxx.o  -o cmTryCompileExec1860356629 -rdynamic 
gmake[1]: Leaving directory `/homes/sep/bob/Src/genericIO/x/CMakeFiles/CMakeTmp'

Source file was:
int main() { return 0;}
Performing C++ SOURCE FILE Test COMPILER_SUPPORTS_CXX0X succeded with the following output:
Change Dir: /homes/sep/bob/Src/genericIO/x/CMakeFiles/CMakeTmp

Run Build Command:/usr/bin/gmake "cmTryCompileExec1671199116/fast"
/usr/bin/gmake -f CMakeFiles/cmTryCompileExec1671199116.dir/build.make CMakeFiles/cmTryCompileExec1671199116.dir/build
gmake[1]: Entering directory `/homes/sep/bob/Src/genericIO/x/CMakeFiles/CMakeTmp'
/usr/bin/cmake -E cmake_progress_report /homes/sep/bob/Src/genericIO/x/CMakeFiles/CMakeTmp/CMakeFiles 1
Building CXX object CMakeFiles/cmTryCompileExec1671199116.dir/src.cxx.o
/usr/bin/c++    -DCOMPILER_SUPPORTS_CXX0X   -std=c++0x -o CMakeFiles/cmTryCompileExec1671199116.dir/src.cxx.o -c /homes/sep/bob/Src/genericIO/x/CMakeFiles/CMakeTmp/src.cxx
Linking CXX executable cmTryCompileExec1671199116
/usr/bin/cmake -E cmake_link_script CMakeFiles/cmTryCompileExec1671199116.dir/link.txt --verbose=1
/usr/bin/c++      -DCOMPILER_SUPPORTS_CXX0X    CMakeFiles/cmTryCompileExec1671199116.dir/src.cxx.o  -o cmTryCompileExec1671199116 -rdynamic 
gmake[1]: Leaving directory `/homes/sep/bob/Src/genericIO/x/CMakeFiles/CMakeTmp'

Source file was:
int main() { return 0;}
Compiling the Fortran compiler identification source file "CMakeFortranCompilerId.F" succeeded.
Compiler: /usr/local/Intel_16/compilers_and_libraries_2016.3.210/linux/bin/intel64/ifort 
Build flags: 
Id flags: 

The output was:
0


Compilation of the Fortran compiler identification source "CMakeFortranCompilerId.F" produced "a.out"

The Fortran compiler identification is Intel, found in "/homes/sep/bob/Src/genericIO/x/CMakeFiles/2.8.11/CompilerIdFortran/a.out"

Determining if the Fortran compiler works passed with the following output:
Change Dir: /homes/sep/bob/Src/genericIO/x/CMakeFiles/CMakeTmp

Run Build Command:/usr/bin/gmake "cmTryCompileExec2351408537/fast"
/usr/bin/gmake -f CMakeFiles/cmTryCompileExec2351408537.dir/build.make CMakeFiles/cmTryCompileExec2351408537.dir/build
gmake[1]: Entering directory `/homes/sep/bob/Src/genericIO/x/CMakeFiles/CMakeTmp'
/usr/bin/cmake -E cmake_progress_report /homes/sep/bob/Src/genericIO/x/CMakeFiles/CMakeTmp/CMakeFiles 1
Building Fortran object CMakeFiles/cmTryCompileExec2351408537.dir/testFortranCompiler.f.o
/usr/local/Intel_16/compilers_and_libraries_2016.3.210/linux/bin/intel64/ifort    -c /homes/sep/bob/Src/genericIO/x/CMakeFiles/CMakeTmp/testFortranCompiler.f -o CMakeFiles/cmTryCompileExec2351408537.dir/testFortranCompiler.f.o
Linking Fortran executable cmTryCompileExec2351408537
/usr/bin/cmake -E cmake_link_script CMakeFiles/cmTryCompileExec2351408537.dir/link.txt --verbose=1
/usr/local/Intel_16/compilers_and_libraries_2016.3.210/linux/bin/intel64/ifort         CMakeFiles/cmTryCompileExec2351408537.dir/testFortranCompiler.f.o  -o cmTryCompileExec2351408537 -i_dynamic 
ifort: command line remark #10148: option '-i_dynamic' not supported
gmake[1]: Leaving directory `/homes/sep/bob/Src/genericIO/x/CMakeFiles/CMakeTmp'


Detecting Fortran compiler ABI info compiled with the following output:
Change Dir: /homes/sep/bob/Src/genericIO/x/CMakeFiles/CMakeTmp

Run Build Command:/usr/bin/gmake "cmTryCompileExec3529824074/fast"
/usr/bin/gmake -f CMakeFiles/cmTryCompileExec3529824074.dir/build.make CMakeFiles/cmTryCompileExec3529824074.dir/build
gmake[1]: Entering directory `/homes/sep/bob/Src/genericIO/x/CMakeFiles/CMakeTmp'
/usr/bin/cmake -E cmake_progress_report /homes/sep/bob/Src/genericIO/x/CMakeFiles/CMakeTmp/CMakeFiles 1
Building Fortran object CMakeFiles/cmTryCompileExec3529824074.dir/CMakeFortranCompilerABI.F.o
/usr/local/Intel_16/compilers_and_libraries_2016.3.210/linux/bin/intel64/ifort    -c /usr/share/cmake/Modules/CMakeFortranCompilerABI.F -o CMakeFiles/cmTryCompileExec3529824074.dir/CMakeFortranCompilerABI.F.o
Linking Fortran executable cmTryCompileExec3529824074
/usr/bin/cmake -E cmake_link_script CMakeFiles/cmTryCompileExec3529824074.dir/link.txt --verbose=1
/usr/local/Intel_16/compilers_and_libraries_2016.3.210/linux/bin/intel64/ifort   -v     CMakeFiles/cmTryCompileExec3529824074.dir/CMakeFortranCompilerABI.F.o  -o cmTryCompileExec3529824074 -i_dynamic  
ifort: command line remark #10148: option '-i_dynamic' not supported
ifort version 16.0.3
/opt_local/Intel_16/compilers_and_libraries_2016.3.210/linux/bin/intel64/fortcom    -mGLOB_em64t=TRUE -mP1OPT_version=16.0-intel64 -mGLOB_diag_file=CMakeFiles/cmTryCompileExec3529824074.dir/CMakeFortranCompilerABI.F.diag -mGLOB_source_language=GLOB_SOURCE_LANGUAGE_F90 -mP2OPT_static_promotion -mP1OPT_print_version=FALSE -mCG_use_gas_got_workaround=F -mP2OPT_align_option_used=TRUE -mGLOB_gcc_version=485 "-mGLOB_options_string=-v -o cmTryCompileExec3529824074 -i_dynamic" -mGLOB_cxx_limited_range=FALSE -mCG_extend_parms=FALSE -mGLOB_compiler_bin_directory=/opt_local/Intel_16/compilers_and_libraries_2016.3.210/linux/bin/intel64 -mGLOB_as_output_backup_file_name=/tmp/ifortXV1Qfcas_.s -mGLOB_dashboard_use_source_name -mIPOPT_activate -mGLOB_product_id_code=0x22006d8f -mP3OPT_use_mspp_call_convention -mP2OPT_subs_out_of_bound=FALSE -mP2OPT_disam_type_based_disam=2 -mGLOB_ansi_alias -mPGOPTI_value_profile_use=T -mGLOB_opt_report_use_source_name -mP2OPT_il0_array_sections=TRUE -mGLOB_offload_mode=1 -mP2OPT_offload_unique_var_string=ifort010210448255FeibzB -mP2OPT_hlo -mP2OPT_hpo_rtt_control=0 -mIPOPT_args_in_regs=0 -mP2OPT_disam_assume_nonstd_intent_in=FALSE -mGLOB_imf_mapping_library=/opt_local/Intel_16/compilers_and_libraries_2016.3.210/linux/bin/intel64/libiml_attr.so -mPGOPTI_gen_threadsafe_level=0 -mIPOPT_link -mIPOPT_ipo_activate -mIPOPT_mo_activate -mIPOPT_source_files_list=/tmp/ifortslisBCMqxG -mIPOPT_mo_global_data -mIPOPT_link_script_file=/tmp/ifortscriptPvQ0Lb "-mIPOPT_cmdline_link="/usr/lib/gcc/x86_64-redhat-linux/4.8.5/../../../../lib64/crt1.o" "/usr/lib/gcc/x86_64-redhat-linux/4.8.5/../../../../lib64/crti.o" "/usr/lib/gcc/x86_64-redhat-linux/4.8.5/crtbegin.o" "--eh-frame-hdr" "--build-id" "-dynamic-linker" "/lib64/ld-linux-x86-64.so.2" "-m" "elf_x86_64" "-o" "cmTryCompileExec3529824074" "/opt_local/Intel_16/compilers_and_libraries_2016.3.210/linux/compiler/lib/intel64_lin/for_main.o" "-L/usr/local/Intel_16/compilers_and_libraries_2016.3.210/linux/ipp/lib/intel64" "-L/usr/local/Intel_16/compilers_and_libraries_2016.3.210/linux/compiler/lib/intel64" "-L/usr/local/Intel_16/compilers_and_libraries_2016.3.210/linux/mkl/lib/intel64" "-L/usr/local/Intel_16/compilers_and_libraries_2016.3.210/linux/tbb/lib/intel64/gcc4.4" "-L/usr/local/Intel_16/compilers_and_libraries_2016.3.210/linux/daal/lib/intel64_lin" "-L/usr/local/Intel_16/compilers_and_libraries_2016.3.210/linux/daal/../compiler/lib/intel64_lin" "-L/opt_local/Intel_16/compilers_and_libraries_2016.3.210/linux/compiler/lib/intel64_lin" "-L/usr/lib/gcc/x86_64-redhat-linux/4.8.5/" "-L/usr/lib/gcc/x86_64-redhat-linux/4.8.5/../../../../lib64" "-L/usr/lib/gcc/x86_64-redhat-linux/4.8.5/../../../../lib64/" "-L/lib/../lib64" "-L/lib/../lib64/" "-L/usr/lib/../lib64" "-L/usr/lib/../lib64/" "-L/usr/local/Intel_16/compilers_and_libraries_2016.3.210/linux/ipp/lib/intel64/" "-L/usr/local/Intel_16/compilers_and_libraries_2016.3.210/linux/compiler/lib/intel64/" "-L/usr/local/Intel_16/compilers_and_libraries_2016.3.210/linux/mkl/lib/intel64/" "-L/usr/local/Intel_16/compilers_and_libraries_2016.3.210/linux/tbb/lib/intel64/gcc4.4/" "-L/usr/local/Intel_16/compilers_and_libraries_2016.3.210/linux/daal/lib/intel64_lin/" "-L/usr/local/Intel_16/compilers_and_libraries_2016.3.210/linux/daal/../compiler/lib/intel64_lin/" "-L/usr/lib/gcc/x86_64-redhat-linux/4.8.5/../../../" "-L/lib64" "-L/lib/" "-L/usr/lib64" "-L/usr/lib" "CMakeFiles/cmTryCompileExec3529824074.dir/CMakeFortranCompilerABI.F.o" "-Bdynamic" "-Bstatic" "-lifport" "-lifcore" "-limf" "-lsvml" "-Bdynamic" "-lm" "-Bstatic" "-lipgo" "-lirc" "-Bdynamic" "-lpthread" "-Bstatic" "-lsvml" "-Bdynamic" "-lc" "-lgcc" "-lgcc_s" "-Bstatic" "-lirc_s" "-Bdynamic" "-ldl" "-lc" "/usr/lib/gcc/x86_64-redhat-linux/4.8.5/crtend.o" "/usr/lib/gcc/x86_64-redhat-linux/4.8.5/../../../../lib64/crtn.o"" -mIPOPT_il_in_obj -mIPOPT_ipo_activate_warn=FALSE -mIPOPT_obj_output_file_name=/tmp/ipo_ifortFa127E.o -mIPOPT_whole_archive_fixup_file_name=/tmp/ifortwarchXrj4HJ -mGLOB_linker_version=2.23.52.0.1 -mGLOB_long_size_64 -mGLOB_routine_pointer_size_64 -mGLOB_driver_tempfile_name=/tmp/iforttempfileXzgE0e -mP3OPT_asm_target=P3OPT_ASM_TARGET_GAS -mGLOB_async_unwind_tables=TRUE -mGLOB_obj_output_file=/tmp/ipo_ifortFa127E.o -mGLOB_source_dialect=GLOB_SOURCE_DIALECT_NONE -mP1OPT_source_file_name=ipo_out.f -mP2OPT_symtab_type_copy=true CMakeFiles/cmTryCompileExec3529824074.dir/CMakeFortranCompilerABI.F.o -mIPOPT_object_files=T -mIPOPT_assembly_files=/tmp/ifortalisJQ09AF -mIPOPT_generated_tempfiles=/tmp/ifortelisjR2IPa -mIPOPT_embedded_object_base_name=/tmp/iforteobj7KOh4F -mIPOPT_cmdline_link_new_name=/tmp/ifortlliszBqRib
ld    /usr/lib/gcc/x86_64-redhat-linux/4.8.5/../../../../lib64/crt1.o /usr/lib/gcc/x86_64-redhat-linux/4.8.5/../../../../lib64/crti.o /usr/lib/gcc/x86_64-redhat-linux/4.8.5/crtbegin.o --eh-frame-hdr --build-id -dynamic-linker /lib64/ld-linux-x86-64.so.2 -m elf_x86_64 -o cmTryCompileExec3529824074 /opt_local/Intel_16/compilers_and_libraries_2016.3.210/linux/compiler/lib/intel64_lin/for_main.o -L/usr/local/Intel_16/compilers_and_libraries_2016.3.210/linux/ipp/lib/intel64 -L/usr/local/Intel_16/compilers_and_libraries_2016.3.210/linux/compiler/lib/intel64 -L/usr/local/Intel_16/compilers_and_libraries_2016.3.210/linux/mkl/lib/intel64 -L/usr/local/Intel_16/compilers_and_libraries_2016.3.210/linux/tbb/lib/intel64/gcc4.4 -L/usr/local/Intel_16/compilers_and_libraries_2016.3.210/linux/daal/lib/intel64_lin -L/usr/local/Intel_16/compilers_and_libraries_2016.3.210/linux/daal/../compiler/lib/intel64_lin -L/opt_local/Intel_16/compilers_and_libraries_2016.3.210/linux/compiler/lib/intel64_lin -L/usr/lib/gcc/x86_64-redhat-linux/4.8.5/ -L/usr/lib/gcc/x86_64-redhat-linux/4.8.5/../../../../lib64 -L/usr/lib/gcc/x86_64-redhat-linux/4.8.5/../../../../lib64/ -L/lib/../lib64 -L/lib/../lib64/ -L/usr/lib/../lib64 -L/usr/lib/../lib64/ -L/usr/local/Intel_16/compilers_and_libraries_2016.3.210/linux/ipp/lib/intel64/ -L/usr/local/Intel_16/compilers_and_libraries_2016.3.210/linux/compiler/lib/intel64/ -L/usr/local/Intel_16/compilers_and_libraries_2016.3.210/linux/mkl/lib/intel64/ -L/usr/local/Intel_16/compilers_and_libraries_2016.3.210/linux/tbb/lib/intel64/gcc4.4/ -L/usr/local/Intel_16/compilers_and_libraries_2016.3.210/linux/daal/lib/intel64_lin/ -L/usr/local/Intel_16/compilers_and_libraries_2016.3.210/linux/daal/../compiler/lib/intel64_lin/ -L/usr/lib/gcc/x86_64-redhat-linux/4.8.5/../../../ -L/lib64 -L/lib/ -L/usr/lib64 -L/usr/lib CMakeFiles/cmTryCompileExec3529824074.dir/CMakeFortranCompilerABI.F.o -Bdynamic -Bstatic -lifport -lifcore -limf -lsvml -Bdynamic -lm -Bstatic -lipgo -lirc -Bdynamic -lpthread -Bstatic -lsvml -Bdynamic -lc -lgcc -lgcc_s -Bstatic -lirc_s -Bdynamic -ldl -lc /usr/lib/gcc/x86_64-redhat-linux/4.8.5/crtend.o /usr/lib/gcc/x86_64-redhat-linux/4.8.5/../../../../lib64/crtn.o
gmake[1]: Leaving directory `/homes/sep/bob/Src/genericIO/x/CMakeFiles/CMakeTmp'


Parsed Fortran implicit link information from above output:
  link line regex: [^( *|.*[/\])(ld|ld|collect2)[^/\]*( |$)]
  ignore line: [Change Dir: /homes/sep/bob/Src/genericIO/x/CMakeFiles/CMakeTmp]
  ignore line: []
  ignore line: [Run Build Command:/usr/bin/gmake "cmTryCompileExec3529824074/fast"]
  ignore line: [/usr/bin/gmake -f CMakeFiles/cmTryCompileExec3529824074.dir/build.make CMakeFiles/cmTryCompileExec3529824074.dir/build]
  ignore line: [gmake[1]: Entering directory `/homes/sep/bob/Src/genericIO/x/CMakeFiles/CMakeTmp']
  ignore line: [/usr/bin/cmake -E cmake_progress_report /homes/sep/bob/Src/genericIO/x/CMakeFiles/CMakeTmp/CMakeFiles 1]
  ignore line: [Building Fortran object CMakeFiles/cmTryCompileExec3529824074.dir/CMakeFortranCompilerABI.F.o]
  ignore line: [/usr/local/Intel_16/compilers_and_libraries_2016.3.210/linux/bin/intel64/ifort    -c /usr/share/cmake/Modules/CMakeFortranCompilerABI.F -o CMakeFiles/cmTryCompileExec3529824074.dir/CMakeFortranCompilerABI.F.o]
  ignore line: [Linking Fortran executable cmTryCompileExec3529824074]
  ignore line: [/usr/bin/cmake -E cmake_link_script CMakeFiles/cmTryCompileExec3529824074.dir/link.txt --verbose=1]
  ignore line: [/usr/local/Intel_16/compilers_and_libraries_2016.3.210/linux/bin/intel64/ifort   -v     CMakeFiles/cmTryCompileExec3529824074.dir/CMakeFortranCompilerABI.F.o  -o cmTryCompileExec3529824074 -i_dynamic  ]
  ignore line: [ifort: command line remark #10148: option '-i_dynamic' not supported]
  ignore line: [ifort version 16.0.3]
  ignore line: [/opt_local/Intel_16/compilers_and_libraries_2016.3.210/linux/bin/intel64/fortcom    -mGLOB_em64t=TRUE -mP1OPT_version=16.0-intel64 -mGLOB_diag_file=CMakeFiles/cmTryCompileExec3529824074.dir/CMakeFortranCompilerABI.F.diag -mGLOB_source_language=GLOB_SOURCE_LANGUAGE_F90 -mP2OPT_static_promotion -mP1OPT_print_version=FALSE -mCG_use_gas_got_workaround=F -mP2OPT_align_option_used=TRUE -mGLOB_gcc_version=485 "-mGLOB_options_string=-v -o cmTryCompileExec3529824074 -i_dynamic" -mGLOB_cxx_limited_range=FALSE -mCG_extend_parms=FALSE -mGLOB_compiler_bin_directory=/opt_local/Intel_16/compilers_and_libraries_2016.3.210/linux/bin/intel64 -mGLOB_as_output_backup_file_name=/tmp/ifortXV1Qfcas_.s -mGLOB_dashboard_use_source_name -mIPOPT_activate -mGLOB_product_id_code=0x22006d8f -mP3OPT_use_mspp_call_convention -mP2OPT_subs_out_of_bound=FALSE -mP2OPT_disam_type_based_disam=2 -mGLOB_ansi_alias -mPGOPTI_value_profile_use=T -mGLOB_opt_report_use_source_name -mP2OPT_il0_array_sections=TRUE -mGLOB_offload_mode=1 -mP2OPT_offload_unique_var_string=ifort010210448255FeibzB -mP2OPT_hlo -mP2OPT_hpo_rtt_control=0 -mIPOPT_args_in_regs=0 -mP2OPT_disam_assume_nonstd_intent_in=FALSE -mGLOB_imf_mapping_library=/opt_local/Intel_16/compilers_and_libraries_2016.3.210/linux/bin/intel64/libiml_attr.so -mPGOPTI_gen_threadsafe_level=0 -mIPOPT_link -mIPOPT_ipo_activate -mIPOPT_mo_activate -mIPOPT_source_files_list=/tmp/ifortslisBCMqxG -mIPOPT_mo_global_data -mIPOPT_link_script_file=/tmp/ifortscriptPvQ0Lb "-mIPOPT_cmdline_link="/usr/lib/gcc/x86_64-redhat-linux/4.8.5/../../../../lib64/crt1.o" "/usr/lib/gcc/x86_64-redhat-linux/4.8.5/../../../../lib64/crti.o" "/usr/lib/gcc/x86_64-redhat-linux/4.8.5/crtbegin.o" "--eh-frame-hdr" "--build-id" "-dynamic-linker" "/lib64/ld-linux-x86-64.so.2" "-m" "elf_x86_64" "-o" "cmTryCompileExec3529824074" "/opt_local/Intel_16/compilers_and_libraries_2016.3.210/linux/compiler/lib/intel64_lin/for_main.o" "-L/usr/local/Intel_16/compilers_and_libraries_2016.3.210/linux/ipp/lib/intel64" "-L/usr/local/Intel_16/compilers_and_libraries_2016.3.210/linux/compiler/lib/intel64" "-L/usr/local/Intel_16/compilers_and_libraries_2016.3.210/linux/mkl/lib/intel64" "-L/usr/local/Intel_16/compilers_and_libraries_2016.3.210/linux/tbb/lib/intel64/gcc4.4" "-L/usr/local/Intel_16/compilers_and_libraries_2016.3.210/linux/daal/lib/intel64_lin" "-L/usr/local/Intel_16/compilers_and_libraries_2016.3.210/linux/daal/../compiler/lib/intel64_lin" "-L/opt_local/Intel_16/compilers_and_libraries_2016.3.210/linux/compiler/lib/intel64_lin" "-L/usr/lib/gcc/x86_64-redhat-linux/4.8.5/" "-L/usr/lib/gcc/x86_64-redhat-linux/4.8.5/../../../../lib64" "-L/usr/lib/gcc/x86_64-redhat-linux/4.8.5/../../../../lib64/" "-L/lib/../lib64" "-L/lib/../lib64/" "-L/usr/lib/../lib64" "-L/usr/lib/../lib64/" "-L/usr/local/Intel_16/compilers_and_libraries_2016.3.210/linux/ipp/lib/intel64/" "-L/usr/local/Intel_16/compilers_and_libraries_2016.3.210/linux/compiler/lib/intel64/" "-L/usr/local/Intel_16/compilers_and_libraries_2016.3.210/linux/mkl/lib/intel64/" "-L/usr/local/Intel_16/compilers_and_libraries_2016.3.210/linux/tbb/lib/intel64/gcc4.4/" "-L/usr/local/Intel_16/compilers_and_libraries_2016.3.210/linux/daal/lib/intel64_lin/" "-L/usr/local/Intel_16/compilers_and_libraries_2016.3.210/linux/daal/../compiler/lib/intel64_lin/" "-L/usr/lib/gcc/x86_64-redhat-linux/4.8.5/../../../" "-L/lib64" "-L/lib/" "-L/usr/lib64" "-L/usr/lib" "CMakeFiles/cmTryCompileExec3529824074.dir/CMakeFortranCompilerABI.F.o" "-Bdynamic" "-Bstatic" "-lifport" "-lifcore" "-limf" "-lsvml" "-Bdynamic" "-lm" "-Bstatic" "-lipgo" "-lirc" "-Bdynamic" "-lpthread" "-Bstatic" "-lsvml" "-Bdynamic" "-lc" "-lgcc" "-lgcc_s" "-Bstatic" "-lirc_s" "-Bdynamic" "-ldl" "-lc" "/usr/lib/gcc/x86_64-redhat-linux/4.8.5/crtend.o" "/usr/lib/gcc/x86_64-redhat-linux/4.8.5/../../../../lib64/crtn.o"" -mIPOPT_il_in_obj -mIPOPT_ipo_activate_warn=FALSE -mIPOPT_obj_output_file_name=/tmp/ipo_ifortFa127E.o -mIPOPT_whole_archive_fixup_file_name=/tmp/ifortwarchXrj4HJ -mGLOB_linker_version=2.23.52.0.1 -mGLOB_long_size_64 -mGLOB_routine_pointer_size_64 -mGLOB_driver_tempfile_name=/tmp/iforttempfileXzgE0e -mP3OPT_asm_target=P3OPT_ASM_TARGET_GAS -mGLOB_async_unwind_tables=TRUE -mGLOB_obj_output_file=/tmp/ipo_ifortFa127E.o -mGLOB_source_dialect=GLOB_SOURCE_DIALECT_NONE -mP1OPT_source_file_name=ipo_out.f -mP2OPT_symtab_type_copy=true CMakeFiles/cmTryCompileExec3529824074.dir/CMakeFortranCompilerABI.F.o -mIPOPT_object_files=T -mIPOPT_assembly_files=/tmp/ifortalisJQ09AF -mIPOPT_generated_tempfiles=/tmp/ifortelisjR2IPa -mIPOPT_embedded_object_base_name=/tmp/iforteobj7KOh4F -mIPOPT_cmdline_link_new_name=/tmp/ifortlliszBqRib]
  link line: [ld    /usr/lib/gcc/x86_64-redhat-linux/4.8.5/../../../../lib64/crt1.o /usr/lib/gcc/x86_64-redhat-linux/4.8.5/../../../../lib64/crti.o /usr/lib/gcc/x86_64-redhat-linux/4.8.5/crtbegin.o --eh-frame-hdr --build-id -dynamic-linker /lib64/ld-linux-x86-64.so.2 -m elf_x86_64 -o cmTryCompileExec3529824074 /opt_local/Intel_16/compilers_and_libraries_2016.3.210/linux/compiler/lib/intel64_lin/for_main.o -L/usr/local/Intel_16/compilers_and_libraries_2016.3.210/linux/ipp/lib/intel64 -L/usr/local/Intel_16/compilers_and_libraries_2016.3.210/linux/compiler/lib/intel64 -L/usr/local/Intel_16/compilers_and_libraries_2016.3.210/linux/mkl/lib/intel64 -L/usr/local/Intel_16/compilers_and_libraries_2016.3.210/linux/tbb/lib/intel64/gcc4.4 -L/usr/local/Intel_16/compilers_and_libraries_2016.3.210/linux/daal/lib/intel64_lin -L/usr/local/Intel_16/compilers_and_libraries_2016.3.210/linux/daal/../compiler/lib/intel64_lin -L/opt_local/Intel_16/compilers_and_libraries_2016.3.210/linux/compiler/lib/intel64_lin -L/usr/lib/gcc/x86_64-redhat-linux/4.8.5/ -L/usr/lib/gcc/x86_64-redhat-linux/4.8.5/../../../../lib64 -L/usr/lib/gcc/x86_64-redhat-linux/4.8.5/../../../../lib64/ -L/lib/../lib64 -L/lib/../lib64/ -L/usr/lib/../lib64 -L/usr/lib/../lib64/ -L/usr/local/Intel_16/compilers_and_libraries_2016.3.210/linux/ipp/lib/intel64/ -L/usr/local/Intel_16/compilers_and_libraries_2016.3.210/linux/compiler/lib/intel64/ -L/usr/local/Intel_16/compilers_and_libraries_2016.3.210/linux/mkl/lib/intel64/ -L/usr/local/Intel_16/compilers_and_libraries_2016.3.210/linux/tbb/lib/intel64/gcc4.4/ -L/usr/local/Intel_16/compilers_and_libraries_2016.3.210/linux/daal/lib/intel64_lin/ -L/usr/local/Intel_16/compilers_and_libraries_2016.3.210/linux/daal/../compiler/lib/intel64_lin/ -L/usr/lib/gcc/x86_64-redhat-linux/4.8.5/../../../ -L/lib64 -L/lib/ -L/usr/lib64 -L/usr/lib CMakeFiles/cmTryCompileExec3529824074.dir/CMakeFortranCompilerABI.F.o -Bdynamic -Bstatic -lifport -lifcore -limf -lsvml -Bdynamic -lm -Bstatic -lipgo -lirc -Bdynamic -lpthread -Bstatic -lsvml -Bdynamic -lc -lgcc -lgcc_s -Bstatic -lirc_s -Bdynamic -ldl -lc /usr/lib/gcc/x86_64-redhat-linux/4.8.5/crtend.o /usr/lib/gcc/x86_64-redhat-linux/4.8.5/../../../../lib64/crtn.o]
    arg [ld] ==> ignore
    arg [/usr/lib/gcc/x86_64-redhat-linux/4.8.5/../../../../lib64/crt1.o] ==> ignore
    arg [/usr/lib/gcc/x86_64-redhat-linux/4.8.5/../../../../lib64/crti.o] ==> ignore
    arg [/usr/lib/gcc/x86_64-redhat-linux/4.8.5/crtbegin.o] ==> ignore
    arg [--eh-frame-hdr] ==> ignore
    arg [--build-id] ==> ignore
    arg [-dynamic-linker] ==> ignore
    arg [/lib64/ld-linux-x86-64.so.2] ==> ignore
    arg [-m] ==> ignore
    arg [elf_x86_64] ==> ignore
    arg [-o] ==> ignore
    arg [cmTryCompileExec3529824074] ==> ignore
    arg [/opt_local/Intel_16/compilers_and_libraries_2016.3.210/linux/compiler/lib/intel64_lin/for_main.o] ==> ignore
    arg [-L/usr/local/Intel_16/compilers_and_libraries_2016.3.210/linux/ipp/lib/intel64] ==> dir [/usr/local/Intel_16/compilers_and_libraries_2016.3.210/linux/ipp/lib/intel64]
    arg [-L/usr/local/Intel_16/compilers_and_libraries_2016.3.210/linux/compiler/lib/intel64] ==> dir [/usr/local/Intel_16/compilers_and_libraries_2016.3.210/linux/compiler/lib/intel64]
    arg [-L/usr/local/Intel_16/compilers_and_libraries_2016.3.210/linux/mkl/lib/intel64] ==> dir [/usr/local/Intel_16/compilers_and_libraries_2016.3.210/linux/mkl/lib/intel64]
    arg [-L/usr/local/Intel_16/compilers_and_libraries_2016.3.210/linux/tbb/lib/intel64/gcc4.4] ==> dir [/usr/local/Intel_16/compilers_and_libraries_2016.3.210/linux/tbb/lib/intel64/gcc4.4]
    arg [-L/usr/local/Intel_16/compilers_and_libraries_2016.3.210/linux/daal/lib/intel64_lin] ==> dir [/usr/local/Intel_16/compilers_and_libraries_2016.3.210/linux/daal/lib/intel64_lin]
    arg [-L/usr/local/Intel_16/compilers_and_libraries_2016.3.210/linux/daal/../compiler/lib/intel64_lin] ==> dir [/usr/local/Intel_16/compilers_and_libraries_2016.3.210/linux/daal/../compiler/lib/intel64_lin]
    arg [-L/opt_local/Intel_16/compilers_and_libraries_2016.3.210/linux/compiler/lib/intel64_lin] ==> dir [/opt_local/Intel_16/compilers_and_libraries_2016.3.210/linux/compiler/lib/intel64_lin]
    arg [-L/usr/lib/gcc/x86_64-redhat-linux/4.8.5/] ==> dir [/usr/lib/gcc/x86_64-redhat-linux/4.8.5/]
    arg [-L/usr/lib/gcc/x86_64-redhat-linux/4.8.5/../../../../lib64] ==> dir [/usr/lib/gcc/x86_64-redhat-linux/4.8.5/../../../../lib64]
    arg [-L/usr/lib/gcc/x86_64-redhat-linux/4.8.5/../../../../lib64/] ==> dir [/usr/lib/gcc/x86_64-redhat-linux/4.8.5/../../../../lib64/]
    arg [-L/lib/../lib64] ==> dir [/lib/../lib64]
    arg [-L/lib/../lib64/] ==> dir [/lib/../lib64/]
    arg [-L/usr/lib/../lib64] ==> dir [/usr/lib/../lib64]
    arg [-L/usr/lib/../lib64/] ==> dir [/usr/lib/../lib64/]
    arg [-L/usr/local/Intel_16/compilers_and_libraries_2016.3.210/linux/ipp/lib/intel64/] ==> dir [/usr/local/Intel_16/compilers_and_libraries_2016.3.210/linux/ipp/lib/intel64/]
    arg [-L/usr/local/Intel_16/compilers_and_libraries_2016.3.210/linux/compiler/lib/intel64/] ==> dir [/usr/local/Intel_16/compilers_and_libraries_2016.3.210/linux/compiler/lib/intel64/]
    arg [-L/usr/local/Intel_16/compilers_and_libraries_2016.3.210/linux/mkl/lib/intel64/] ==> dir [/usr/local/Intel_16/compilers_and_libraries_2016.3.210/linux/mkl/lib/intel64/]
    arg [-L/usr/local/Intel_16/compilers_and_libraries_2016.3.210/linux/tbb/lib/intel64/gcc4.4/] ==> dir [/usr/local/Intel_16/compilers_and_libraries_2016.3.210/linux/tbb/lib/intel64/gcc4.4/]
    arg [-L/usr/local/Intel_16/compilers_and_libraries_2016.3.210/linux/daal/lib/intel64_lin/] ==> dir [/usr/local/Intel_16/compilers_and_libraries_2016.3.210/linux/daal/lib/intel64_lin/]
    arg [-L/usr/local/Intel_16/compilers_and_libraries_2016.3.210/linux/daal/../compiler/lib/intel64_lin/] ==> dir [/usr/local/Intel_16/compilers_and_libraries_2016.3.210/linux/daal/../compiler/lib/intel64_lin/]
    arg [-L/usr/lib/gcc/x86_64-redhat-linux/4.8.5/../../../] ==> dir [/usr/lib/gcc/x86_64-redhat-linux/4.8.5/../../../]
    arg [-L/lib64] ==> dir [/lib64]
    arg [-L/lib/] ==> dir [/lib/]
    arg [-L/usr/lib64] ==> dir [/usr/lib64]
    arg [-L/usr/lib] ==> dir [/usr/lib]
    arg [CMakeFiles/cmTryCompileExec3529824074.dir/CMakeFortranCompilerABI.F.o] ==> ignore
    arg [-Bdynamic] ==> ignore
    arg [-Bstatic] ==> ignore
    arg [-lifport] ==> lib [ifport]
    arg [-lifcore] ==> lib [ifcore]
    arg [-limf] ==> lib [imf]
    arg [-lsvml] ==> lib [svml]
    arg [-Bdynamic] ==> ignore
    arg [-lm] ==> lib [m]
    arg [-Bstatic] ==> ignore
    arg [-lipgo] ==> lib [ipgo]
    arg [-lirc] ==> lib [irc]
    arg [-Bdynamic] ==> ignore
    arg [-lpthread] ==> lib [pthread]
    arg [-Bstatic] ==> ignore
    arg [-lsvml] ==> lib [svml]
    arg [-Bdynamic] ==> ignore
    arg [-lc] ==> lib [c]
    arg [-lgcc] ==> lib [gcc]
    arg [-lgcc_s] ==> lib [gcc_s]
    arg [-Bstatic] ==> ignore
    arg [-lirc_s] ==> lib [irc_s]
    arg [-Bdynamic] ==> ignore
    arg [-ldl] ==> lib [dl]
    arg [-lc] ==> lib [c]
    arg [/usr/lib/gcc/x86_64-redhat-linux/4.8.5/crtend.o] ==> ignore
    arg [/usr/lib/gcc/x86_64-redhat-linux/4.8.5/../../../../lib64/crtn.o] ==> ignore
  remove lib [gcc]
  remove lib [gcc_s]
  collapse library dir [/usr/local/Intel_16/compilers_and_libraries_2016.3.210/linux/ipp/lib/intel64] ==> [/usr/local/Intel_16/compilers_and_libraries_2016.3.210/linux/ipp/lib/intel64]
  collapse library dir [/usr/local/Intel_16/compilers_and_libraries_2016.3.210/linux/compiler/lib/intel64] ==> [/usr/local/Intel_16/compilers_and_libraries_2016.3.210/linux/compiler/lib/intel64]
  collapse library dir [/usr/local/Intel_16/compilers_and_libraries_2016.3.210/linux/mkl/lib/intel64] ==> [/usr/local/Intel_16/compilers_and_libraries_2016.3.210/linux/mkl/lib/intel64]
  collapse library dir [/usr/local/Intel_16/compilers_and_libraries_2016.3.210/linux/tbb/lib/intel64/gcc4.4] ==> [/usr/local/Intel_16/compilers_and_libraries_2016.3.210/linux/tbb/lib/intel64/gcc4.4]
  collapse library dir [/usr/local/Intel_16/compilers_and_libraries_2016.3.210/linux/daal/lib/intel64_lin] ==> [/usr/local/Intel_16/compilers_and_libraries_2016.3.210/linux/daal/lib/intel64_lin]
  collapse library dir [/usr/local/Intel_16/compilers_and_libraries_2016.3.210/linux/daal/../compiler/lib/intel64_lin] ==> [/usr/local/Intel_16/compilers_and_libraries_2016.3.210/linux/compiler/lib/intel64_lin]
  collapse library dir [/opt_local/Intel_16/compilers_and_libraries_2016.3.210/linux/compiler/lib/intel64_lin] ==> [/opt_local/Intel_16/compilers_and_libraries_2016.3.210/linux/compiler/lib/intel64_lin]
  collapse library dir [/usr/lib/gcc/x86_64-redhat-linux/4.8.5/] ==> [/usr/lib/gcc/x86_64-redhat-linux/4.8.5]
  collapse library dir [/usr/lib/gcc/x86_64-redhat-linux/4.8.5/../../../../lib64] ==> [/usr/lib64]
  collapse library dir [/usr/lib/gcc/x86_64-redhat-linux/4.8.5/../../../../lib64/] ==> [/usr/lib64]
  collapse library dir [/lib/../lib64] ==> [/lib64]
  collapse library dir [/lib/../lib64/] ==> [/lib64]
  collapse library dir [/usr/lib/../lib64] ==> [/usr/lib64]
  collapse library dir [/usr/lib/../lib64/] ==> [/usr/lib64]
  collapse library dir [/usr/local/Intel_16/compilers_and_libraries_2016.3.210/linux/ipp/lib/intel64/] ==> [/usr/local/Intel_16/compilers_and_libraries_2016.3.210/linux/ipp/lib/intel64]
  collapse library dir [/usr/local/Intel_16/compilers_and_libraries_2016.3.210/linux/compiler/lib/intel64/] ==> [/usr/local/Intel_16/compilers_and_libraries_2016.3.210/linux/compiler/lib/intel64]
  collapse library dir [/usr/local/Intel_16/compilers_and_libraries_2016.3.210/linux/mkl/lib/intel64/] ==> [/usr/local/Intel_16/compilers_and_libraries_2016.3.210/linux/mkl/lib/intel64]
  collapse library dir [/usr/local/Intel_16/compilers_and_libraries_2016.3.210/linux/tbb/lib/intel64/gcc4.4/] ==> [/usr/local/Intel_16/compilers_and_libraries_2016.3.210/linux/tbb/lib/intel64/gcc4.4]
  collapse library dir [/usr/local/Intel_16/compilers_and_libraries_2016.3.210/linux/daal/lib/intel64_lin/] ==> [/usr/local/Intel_16/compilers_and_libraries_2016.3.210/linux/daal/lib/intel64_lin]
  collapse library dir [/usr/local/Intel_16/compilers_and_libraries_2016.3.210/linux/daal/../compiler/lib/intel64_lin/] ==> [/usr/local/Intel_16/compilers_and_libraries_2016.3.210/linux/compiler/lib/intel64_lin]
  collapse library dir [/usr/lib/gcc/x86_64-redhat-linux/4.8.5/../../../] ==> [/usr/lib]
  collapse library dir [/lib64] ==> [/lib64]
  collapse library dir [/lib/] ==> [/lib]
  collapse library dir [/usr/lib64] ==> [/usr/lib64]
  collapse library dir [/usr/lib] ==> [/usr/lib]
  implicit libs: [ifport;ifcore;imf;svml;m;ipgo;irc;pthread;svml;c;irc_s;dl;c]
  implicit dirs: [/usr/local/Intel_16/compilers_and_libraries_2016.3.210/linux/ipp/lib/intel64;/usr/local/Intel_16/compilers_and_libraries_2016.3.210/linux/compiler/lib/intel64;/usr/local/Intel_16/compilers_and_libraries_2016.3.210/linux/mkl/lib/intel64;/usr/local/Intel_16/compilers_and_libraries_2016.3.210/linux/tbb/lib/intel64/gcc4.4;/usr/local/Intel_16/compilers_and_libraries_2016.3.210/linux/daal/lib/intel64_lin;/usr/local/Intel_16/compilers_and_libraries_2016.3.210/linux/compiler/lib/intel64_lin;/opt_local/Intel_16/compilers_and_libraries_2016.3.210/linux/compiler/lib/intel64_lin;/usr/lib/gcc/x86_64-redhat-linux/4.8.5;/usr/lib64;/lib64;/usr/lib;/lib]
  implicit fwks: []


Determining if the Fortran compiler supports Fortran 90 passed with the following output:
Change Dir: /homes/sep/bob/Src/genericIO/x/CMakeFiles/CMakeTmp

Run Build Command:/usr/bin/gmake "cmTryCompileExec3705958643/fast"
/usr/bin/gmake -f CMakeFiles/cmTryCompileExec3705958643.dir/build.make CMakeFiles/cmTryCompileExec3705958643.dir/build
gmake[1]: Entering directory `/homes/sep/bob/Src/genericIO/x/CMakeFiles/CMakeTmp'
/usr/bin/cmake -E cmake_progress_report /homes/sep/bob/Src/genericIO/x/CMakeFiles/CMakeTmp/CMakeFiles 1
Building Fortran object CMakeFiles/cmTryCompileExec3705958643.dir/testFortranCompilerF90.f90.o
/usr/local/Intel_16/compilers_and_libraries_2016.3.210/linux/bin/intel64/ifort    -c /homes/sep/bob/Src/genericIO/x/CMakeFiles/CMakeTmp/testFortranCompilerF90.f90 -o CMakeFiles/cmTryCompileExec3705958643.dir/testFortranCompilerF90.f90.o
Linking Fortran executable cmTryCompileExec3705958643
/usr/bin/cmake -E cmake_link_script CMakeFiles/cmTryCompileExec3705958643.dir/link.txt --verbose=1
/usr/local/Intel_16/compilers_and_libraries_2016.3.210/linux/bin/intel64/ifort         CMakeFiles/cmTryCompileExec3705958643.dir/testFortranCompilerF90.f90.o  -o cmTryCompileExec3705958643 -i_dynamic 
ifort: command line remark #10148: option '-i_dynamic' not supported
gmake[1]: Leaving directory `/homes/sep/bob/Src/genericIO/x/CMakeFiles/CMakeTmp'


